
Showing logs for build [32mjenkins-x-labs-bot-bdd-gh-15862-9dz6s-1[0m stage [32mfrom-build-pack[0m and container [32mstep-credential-initializer-2wr9b[0m
{"level":"warn","ts":1586255748.362008,"logger":"fallback-logger","caller":"logging/config.go:69","msg":"Fetch GitHub commit ID from kodata failed: \"ref: refs/heads/0.8.0-**-support-backwards-incompats\" is not a valid GitHub commit ID"}
{"level":"info","ts":1586255748.362737,"logger":"fallback-logger","caller":"creds-init/main.go:40","msg":"Credentials initialized."}

Showing logs for build [32mjenkins-x-labs-bot-bdd-gh-15862-9dz6s-1[0m stage [32mfrom-build-pack[0m and container [32mstep-working-dir-initializer-296ff[0m
{"level":"warn","ts":1586255748.8219202,"logger":"fallback-logger","caller":"logging/config.go:69","msg":"Fetch GitHub commit ID from kodata failed: open /var/run/ko/HEAD: no such file or directory"}
{"level":"info","ts":1586255748.8230114,"logger":"fallback-logger","caller":"bash/main.go:64","msg":"Successfully executed command \"sh -c mkdir -p /workspace/source\"; output "}

Showing logs for build [32mjenkins-x-labs-bot-bdd-gh-15862-9dz6s-1[0m stage [32mfrom-build-pack[0m and container [32mstep-place-tools[0m

Showing logs for build [32mjenkins-x-labs-bot-bdd-gh-15862-9dz6s-1[0m stage [32mfrom-build-pack[0m and container [32mstep-git-source-jenkins-x-labs-bot-bdd-gh-15862-9dz6s-dvxl8[0m
{"level":"warn","ts":1586255755.026706,"logger":"fallback-logger","caller":"logging/config.go:69","msg":"Fetch GitHub commit ID from kodata failed: \"ref: refs/heads/0.8.0-**-support-backwards-incompats\" is not a valid GitHub commit ID"}
{"level":"info","ts":1586255756.0986142,"logger":"fallback-logger","caller":"git/git.go:103","msg":"Successfully cloned https://github.com/******************/bdd-gh-1586255315.git @ master in path /workspace/source"}

Showing logs for build [32mjenkins-x-labs-bot-bdd-gh-15862-9dz6s-1[0m stage [32mfrom-build-pack[0m and container [32mstep-git-merge[0m
Using SHAs from PULL_REFS=master:89a557f421777371cc67c6685c2b2f923b032277,1:e82d9465ca985fa96ed0f46aa8f7404f14f3c57a
DEBUG: LC_ALL=C JX_LOG_LEVEL=error git fetch origin --unshallow e82d9465ca985fa96ed0f46aa8f7404f14f3c57a: 89a557f421777371cc67c6685c2b2f923b032277:
DEBUG: ran git fetch --unshallow origin e82d9465ca985fa96ed0f46aa8f7404f14f3c57a: 89a557f421777371cc67c6685c2b2f923b032277: in 
DEBUG: LC_ALL=C JX_LOG_LEVEL=error git branch
DEBUG: LC_ALL=C JX_LOG_LEVEL=error git checkout master
DEBUG: ran git checkout master in 
DEBUG: LC_ALL=C JX_LOG_LEVEL=error git reset --hard 89a557f421777371cc67c6685c2b2f923b032277
DEBUG: ran git reset --hard 89a557f421777371cc67c6685c2b2f923b032277 in 
DEBUG: LC_ALL=C JX_LOG_LEVEL=error git clean -fd .
DEBUG: ran clean --force -d . in 
DEBUG: LC_ALL=C JX_LOG_LEVEL=error git merge e82d9465ca985fa96ed0f46aa8f7404f14f3c57a
DEBUG: ran git merge e82d9465ca985fa96ed0f46aa8f7404f14f3c57a in 
DEBUG: LC_ALL=C JX_LOG_LEVEL=error git log --format=%H%x1f%an%x1f%ae%x1f%cn%x1f%ce%x1f%s%n%b%x1e 89a557f421777371cc67c6685c2b2f923b032277..HEAD
Merged SHA e82d9465ca985fa96ed0f46aa8f7404f14f3c57a with commit message 'My first PR commit' into base branch master

Showing logs for build [32mjenkins-x-labs-bot-bdd-gh-15862-9dz6s-1[0m stage [32mfrom-build-pack[0m and container [32mstep-build-make-linux[0m
CGO_ENABLED=0 GOOS=linux GOARCH=amd64 GO15VENDOREXPERIMENT=1 go build -ldflags '' -o bin/bdd-gh-1586255315 main.go

Showing logs for build [32mjenkins-x-labs-bot-bdd-gh-15862-9dz6s-1[0m stage [32mfrom-build-pack[0m and container [32mstep-build-container-build[0m
ERROR: logging before flag.Parse: E0407 10:36:03.812691      11 metadata.go:241] Failed to unmarshal scopes: invalid character 'h' looking for beginning of value
[36mINFO[0m[0000] No base image, nothing to extract            
[36mINFO[0m[0000] cmd: EXPOSE                                  
[36mINFO[0m[0000] Adding exposed port: 8080/tcp                
[36mINFO[0m[0000] Using files from context: [/workspace/source/bin] 
[36mINFO[0m[0000] Skipping unpacking as no commands require it. 
[36mINFO[0m[0000] Taking snapshot of full filesystem...        
[36mINFO[0m[0000] EXPOSE 8080                                  
[36mINFO[0m[0000] cmd: EXPOSE                                  
[36mINFO[0m[0000] Adding exposed port: 8080/tcp                
[36mINFO[0m[0000] No files changed in this command, skipping snapshotting. 
[36mINFO[0m[0000] ENTRYPOINT ["/bdd-gh-1586255315"]            
[36mINFO[0m[0000] No files changed in this command, skipping snapshotting. 
[36mINFO[0m[0000] Using files from context: [/workspace/source/bin] 
[36mINFO[0m[0000] COPY ./bin/ /                                
[36mINFO[0m[0000] Taking snapshot of files...                  
2020/04/07 10:36:08 pushed blob: sha256:ec930648e228851a157ef7b111666a3110923eddb2223cd92355adfe36773c93
2020/04/07 10:36:08 pushed blob: sha256:86bb5f93dede4651a42f0c86f01a39f7fc44ec2711d6199ec64a6addd3f57e4d
2020/04/07 10:36:10 gcr.io/jenkins-x-labs-bdd/bdd-gh-1586255315:0.0.0-SNAPSHOT-PR-1-1: digest: sha256:0514dac56b25973373c6f06c5980d563cdd638b9b285ff9e0c993351abb437b6 size: 428

Showing logs for build [32mjenkins-x-labs-bot-bdd-gh-15862-9dz6s-1[0m stage [32mfrom-build-pack[0m and container [32mstep-postbuild-post-build[0m
no CVE provider running in the current ** namespace so skip adding image to be analysed

Showing logs for build [32mjenkins-x-labs-bot-bdd-gh-15862-9dz6s-1[0m stage [32mfrom-build-pack[0m and container [32mstep-promote-make-preview[0m
sed -i -e "s/version:.*/version: 0.0.0-SNAPSHOT-PR-1-1/" Chart.yaml
sed -i -e "s/version:.*/version: 0.0.0-SNAPSHOT-PR-1-1/" ../*/Chart.yaml
sed -i -e "s|repository:.*|repository: gcr.io\/jenkins-x-labs-bdd\/bdd-gh-1586255315|" values.yaml
sed -i -e "s/tag:.*/tag: 0.0.0-SNAPSHOT-PR-1-1/" values.yaml
echo "  version: 0.0.0-SNAPSHOT-PR-1-1" >> requirements.yaml
** step helm build
WARNING: No $CHART_REPOSITORY defined so using the default value of: http://jenkins-x-chartmuseum:8080
Adding missing Helm repo: storage.googleapis.com https://storage.googleapis.com/chartmuseum.jenkins-x.io
Successfully added Helm repository storage.googleapis.com.
Adding missing Helm repo: jenkins-x-chartmuseum http://jenkins-x-chartmuseum:8080
Successfully added Helm repository jenkins-x-chartmuseum.
WARNING: No $CHART_REPOSITORY defined so using the default value of: http://jenkins-x-chartmuseum:8080

Showing logs for build [32mjenkins-x-labs-bot-bdd-gh-15862-9dz6s-1[0m stage [32mfrom-build-pack[0m and container [32mstep-promote-jx-preview[0m
Creating a preview
Created environment ******************-bdd-gh-1586255315-pr-1
Namespace **-******************-bdd-gh-1586255315-pr-1 created 
expose:
  Annotations:
    helm.sh/hook: post-install,post-upgrade
    helm.sh/hook-delete-policy: hook-succeeded
  config:
    domain: 35.205.240.6.nip.io
    exposer: Ingress
    http: "true"
preview:
  image:
    repository: gcr.io/jenkins-x-labs-bdd/bdd-gh-1586255315
    tag: 0.0.0-SNAPSHOT-PR-1-1
adding helm values file /workspace/source/charts/preview/**Requirements.values.yaml for namespace **-******************-bdd-gh-1586255315-pr-1
Updating PipelineActivities ******************-bdd-gh-1586255315-pr-1-1 which has status Running
WARNING: preview application http://bdd-gh-1586255315-**-******************-bdd-gh-1586255315-pr-1.35.205.240.6.nip.io not available, error was 503 503 Service Temporarily Unavailable, delaying for: 1.252573036s
WARNING: preview application http://bdd-gh-1586255315-**-******************-bdd-gh-1586255315-pr-1.35.205.240.6.nip.io not available, error was 503 503 Service Temporarily Unavailable, delaying for: 1.795078749s
WARNING: preview application http://bdd-gh-1586255315-**-******************-bdd-gh-1586255315-pr-1.35.205.240.6.nip.io not available, error was 503 503 Service Temporarily Unavailable, delaying for: 1.481238625s
Preview application is now available at: http://bdd-gh-1586255315-**-******************-bdd-gh-1586255315-pr-1.35.205.240.6.nip.io
